Deploy complete @ Sat Dec 15 2018 16:08:06 GMT-0500 (EST). added/changed 1 file(s): snippets/printing-grid-item.liquid.
Deploy error @ Sat Dec 15 2018 16:08:29 GMT-0500 (EST). added/changed 1 file(s): snippets/printing-grid-item.liquid.
16:08:29 [development]Asset Perform Update to snippets/printing-grid-item.liquid at host software-studios.myshopify.com
	Status: 422 Unprocessable Entity
	Errors: Liquid syntax error (line 31): Unknown tag 'endcomment'
 
Deploy complete @ Sat Dec 15 2018 16:09:23 GMT-0500 (EST). added/changed 1 file(s): snippets/printing-grid-item.liquid.
Deploy complete @ Sat Dec 15 2018 16:09:59 GMT-0500 (EST). added/changed 1 file(s): snippets/printing-grid-item.liquid.
Deploy complete @ Sat Dec 15 2018 16:10:41 GMT-0500 (EST). added/changed 1 file(s): assets/product-overrides.scss.
Deploy complete @ Sat Dec 15 2018 16:12:19 GMT-0500 (EST). added/changed 1 file(s): snippets/printing-grid-item.liquid.
Deploy complete @ Sat Dec 15 2018 16:12:48 GMT-0500 (EST). added/changed 1 file(s): snippets/printing-grid-item.liquid.
Deploy complete @ Sat Dec 15 2018 16:17:43 GMT-0500 (EST). added/changed 1 file(s): snippets/printing-grid-item.liquid.
Deploy complete @ Sat Dec 15 2018 16:18:51 GMT-0500 (EST). added/changed 1 file(s): snippets/printing-grid-item.liquid.
Deploy complete @ Sat Dec 15 2018 16:19:14 GMT-0500 (EST). added/changed 1 file(s): snippets/printing-grid-item.liquid.
Deploy complete @ Sat Dec 15 2018 16:19:36 GMT-0500 (EST). added/changed 1 file(s): snippets/printing-grid-item.liquid.
Deploy complete @ Sat Dec 15 2018 16:20:03 GMT-0500 (EST). added/changed 1 file(s): snippets/printing-grid-item.liquid.
Deploy complete @ Sat Dec 15 2018 16:20:48 GMT-0500 (EST). added/changed 1 file(s): snippets/printing-grid-item.liquid.
Deploy complete @ Sat Dec 15 2018 16:22:19 GMT-0500 (EST). added/changed 1 file(s): assets/product-overrides.scss.
Deploy complete @ Sat Dec 15 2018 16:22:59 GMT-0500 (EST). added/changed 1 file(s): assets/product-overrides.scss.
Deploy complete @ Sat Dec 15 2018 16:24:47 GMT-0500 (EST). added/changed 1 file(s): assets/product-overrides.scss.
Deploy complete @ Sat Dec 15 2018 16:26:24 GMT-0500 (EST). added/changed 1 file(s): snippets/printing-grid-item.liquid.
Deploy complete @ Sat Dec 15 2018 16:27:03 GMT-0500 (EST). added/changed 1 file(s): snippets/printing-grid-item.liquid.
Deploy complete @ Sat Dec 15 2018 16:27:46 GMT-0500 (EST). added/changed 1 file(s): assets/product-overrides.scss.
Deploy complete @ Sat Dec 15 2018 16:28:52 GMT-0500 (EST). added/changed 1 file(s): snippets/printing-grid-item.liquid.
Deploy complete @ Sat Dec 15 2018 16:29:24 GMT-0500 (EST). added/changed 1 file(s): snippets/printing-grid-item.liquid.
Deploy complete @ Sat Dec 15 2018 16:29:36 GMT-0500 (EST). added/changed 1 file(s): snippets/printing-grid-item.liquid.
Deploy complete @ Sat Dec 15 2018 16:30:08 GMT-0500 (EST). added/changed 1 file(s): snippets/printing-grid-item.liquid.
Deploy complete @ Sat Dec 15 2018 16:30:39 GMT-0500 (EST). added/changed 1 file(s): snippets/printing-grid-item.liquid.
Deploy complete @ Sat Dec 15 2018 16:31:12 GMT-0500 (EST). added/changed 1 file(s): snippets/printing-grid-item.liquid.
Deploy complete @ Sat Dec 15 2018 16:31:24 GMT-0500 (EST). added/changed 1 file(s): snippets/printing-grid-item.liquid.
Deploy complete @ Sat Dec 15 2018 16:31:42 GMT-0500 (EST). added/changed 1 file(s): snippets/printing-grid-item.liquid.
Deploy complete @ Sat Dec 15 2018 16:34:19 GMT-0500 (EST). added/changed 1 file(s): snippets/printing-grid-item.liquid.
Deploy complete @ Sat Dec 15 2018 16:34:58 GMT-0500 (EST). added/changed 1 file(s): assets/product-overrides.scss.
Deploy complete @ Sat Dec 15 2018 16:35:13 GMT-0500 (EST). added/changed 1 file(s): snippets/printing-grid-item.liquid.
Deploy complete @ Sat Dec 15 2018 16:39:48 GMT-0500 (EST). added/changed 1 file(s): snippets/printing-grid-item.liquid.
Deploy complete @ Sat Dec 15 2018 16:40:00 GMT-0500 (EST). added/changed 1 file(s): snippets/printing-grid-item.liquid.
Deploy complete @ Sat Dec 15 2018 16:42:23 GMT-0500 (EST). added/changed 1 file(s): snippets/printing-grid-item.liquid.
Deploy complete @ Sat Dec 15 2018 16:45:35 GMT-0500 (EST). added/changed 1 file(s): assets/product-overrides.scss.
Deploy complete @ Sat Dec 15 2018 16:45:52 GMT-0500 (EST). added/changed 1 file(s): assets/product-overrides.scss.
Deploy complete @ Sat Dec 15 2018 16:46:29 GMT-0500 (EST). added/changed 1 file(s): assets/product-overrides.scss.
Deploy complete @ Sat Dec 15 2018 16:47:05 GMT-0500 (EST). added/changed 1 file(s): assets/product-overrides.scss.
Deploy complete @ Sat Dec 15 2018 16:55:28 GMT-0500 (EST). added/changed 1 file(s): assets/product-overrides.scss.
Deploy complete @ Sat Dec 15 2018 17:10:07 GMT-0500 (EST). added/changed 1 file(s): assets/product-overrides.scss.
Deploy complete @ Sat Dec 15 2018 17:10:57 GMT-0500 (EST). added/changed 1 file(s): assets/product-overrides.scss.
Deploy complete @ Sat Dec 15 2018 17:11:29 GMT-0500 (EST). added/changed 1 file(s): assets/product-overrides.scss.
Deploy complete @ Sat Dec 15 2018 17:12:08 GMT-0500 (EST). added/changed 1 file(s): assets/product-overrides.scss.
Deploy complete @ Sat Dec 15 2018 17:12:36 GMT-0500 (EST). added/changed 1 file(s): assets/product-overrides.scss.
Deploy complete @ Sat Dec 15 2018 17:13:25 GMT-0500 (EST). added/changed 1 file(s): assets/product-overrides.scss.
Deploy complete @ Sat Dec 15 2018 17:13:27 GMT-0500 (EST). added/changed 1 file(s): assets/product-overrides.scss.
Deploy complete @ Sat Dec 15 2018 17:18:29 GMT-0500 (EST). added/changed 1 file(s): snippets/printing-grid-item.liquid.
Deploy complete @ Sat Dec 15 2018 17:19:04 GMT-0500 (EST). added/changed 1 file(s): snippets/printing-grid-item.liquid.
Deploy complete @ Sat Dec 15 2018 17:19:15 GMT-0500 (EST). added/changed 1 file(s): assets/product-overrides.scss.
Deploy complete @ Sat Dec 15 2018 17:19:36 GMT-0500 (EST). added/changed 1 file(s): snippets/printing-grid-item.liquid.
Deploy complete @ Sat Dec 15 2018 17:19:46 GMT-0500 (EST). added/changed 1 file(s): snippets/printing-grid-item.liquid.
Deploy complete @ Sat Dec 15 2018 17:21:04 GMT-0500 (EST). added/changed 1 file(s): snippets/printing-grid-item.liquid.
Deploy complete @ Sat Dec 15 2018 17:21:27 GMT-0500 (EST). added/changed 1 file(s): snippets/printing-grid-item.liquid.
Deploy complete @ Sat Dec 15 2018 17:21:43 GMT-0500 (EST). added/changed 1 file(s): snippets/printing-grid-item.liquid.
Deploy complete @ Sat Dec 15 2018 17:21:54 GMT-0500 (EST). added/changed 1 file(s): snippets/printing-grid-item.liquid.
Deploy complete @ Sat Dec 15 2018 17:25:12 GMT-0500 (EST). added/changed 1 file(s): snippets/printing-grid-item.liquid.
Deploy complete @ Sat Dec 15 2018 17:27:42 GMT-0500 (EST). added/changed 1 file(s): snippets/printing-grid-item.liquid.
Deploy complete @ Sat Dec 15 2018 17:28:09 GMT-0500 (EST). added/changed 1 file(s): snippets/printing-grid-item.liquid.
Deploy complete @ Sat Dec 15 2018 17:28:34 GMT-0500 (EST). added/changed 1 file(s): snippets/printing-grid-item.liquid.
Deploy complete @ Sat Dec 15 2018 17:28:54 GMT-0500 (EST). added/changed 1 file(s): snippets/printing-grid-item.liquid.
Deploy complete @ Sat Dec 15 2018 17:29:15 GMT-0500 (EST). added/changed 1 file(s): snippets/printing-grid-item.liquid.
Deploy complete @ Sat Dec 15 2018 17:29:46 GMT-0500 (EST). added/changed 1 file(s): snippets/printing-grid-item.liquid.
Deploy complete @ Sat Dec 15 2018 17:29:47 GMT-0500 (EST). added/changed 1 file(s): snippets/printing-grid-item.liquid.
Deploy complete @ Sat Dec 15 2018 17:30:22 GMT-0500 (EST). added/changed 1 file(s): assets/product-overrides.scss.
Deploy complete @ Sat Dec 15 2018 17:31:28 GMT-0500 (EST). added/changed 1 file(s): assets/product-overrides.scss.
Deploy complete @ Sat Dec 15 2018 17:31:52 GMT-0500 (EST). added/changed 1 file(s): assets/product-overrides.scss.
Deploy complete @ Sat Dec 15 2018 17:32:31 GMT-0500 (EST). added/changed 1 file(s): assets/product-overrides.scss.
Deploy complete @ Sat Dec 15 2018 17:33:30 GMT-0500 (EST). added/changed 1 file(s): assets/product-overrides.scss.
Deploy complete @ Sat Dec 15 2018 17:33:46 GMT-0500 (EST). added/changed 1 file(s): assets/product-overrides.scss.
Deploy complete @ Sat Dec 15 2018 17:37:00 GMT-0500 (EST). added/changed 1 file(s): snippets/printing-grid-item.liquid.
Deploy complete @ Sat Dec 15 2018 17:37:06 GMT-0500 (EST). added/changed 1 file(s): snippets/printing-grid-item.liquid.
Deploy complete @ Sat Dec 15 2018 17:38:53 GMT-0500 (EST). added/changed 1 file(s): snippets/printing-grid-item.liquid.
Deploy complete @ Sat Dec 15 2018 17:39:37 GMT-0500 (EST). added/changed 1 file(s): snippets/printing-grid-item.liquid.
Deploy complete @ Sat Dec 15 2018 17:39:45 GMT-0500 (EST). added/changed 1 file(s): snippets/printing-grid-item.liquid.
Deploy complete @ Sat Dec 15 2018 17:40:10 GMT-0500 (EST). added/changed 1 file(s): snippets/printing-grid-item.liquid.
Deploy complete @ Sat Dec 15 2018 17:47:39 GMT-0500 (EST). added/changed 1 file(s): snippets/printing-grid-item.liquid.
Deploy complete @ Sat Dec 15 2018 17:48:55 GMT-0500 (EST). added/changed 1 file(s): snippets/printing-grid-item.liquid.
Deploy complete @ Sat Dec 15 2018 17:49:32 GMT-0500 (EST). added/changed 1 file(s): snippets/printing-grid-item.liquid.
Deploy complete @ Sat Dec 15 2018 17:50:05 GMT-0500 (EST). added/changed 1 file(s): snippets/printing-grid-item.liquid.
Deploy complete @ Sat Dec 15 2018 17:52:53 GMT-0500 (EST). added/changed 1 file(s): snippets/printing-grid-item.liquid.
Deploy complete @ Sat Dec 15 2018 17:53:20 GMT-0500 (EST). added/changed 1 file(s): snippets/printing-grid-item.liquid.
Deploy complete @ Sat Dec 15 2018 17:53:24 GMT-0500 (EST). added/changed 1 file(s): snippets/printing-grid-item.liquid.
